app/build/outputs/logs/manifest-merger-debug-report.txt
-- Merging decision tree log ---
provider#br.com.agafarma.agamobile.Util.GenericFileProvider
INJECTED from src/main/AndroidManifest.xml:20:9-28:20
	android:grantUriPermissions
		ADDED from src/main/AndroidManifest.xml:24:13-47
	android:authorities
		INJECTED from src/main/AndroidManifest.xml
		ADDED from src/main/AndroidManifest.xml:22:13-76
	android:exported
		ADDED from src/main/AndroidManifest.xml:23:13-37
	android:name
		ADDED from src/main/AndroidManifest.xml:21:13-53
manifest
ADDED from src/main/AndroidManifest.xml:2:1-185:12
INJECTED from src/main/AndroidManifest.xml:2:1-185:12
INJECTED from src/main/AndroidManifest.xml:2:1-185:12
INJECTED from src/main/AndroidManifest.xml:2:1-185:12
MERGED from [com.android.support:design:24.2.1] AndroidManifest.xml:17:1-24:12
MERGED from [com.android.support:appcompat-v7:24.2.1] AndroidManifest.xml:17:1-27:12
MERGED from [com.android.support.constraint:constraint-layout:1.1.0] AndroidManifest.xml:2:1-11:12
MERGED from [com.android.support:support-v4:24.2.1] AndroidManifest.xml:17:1-27:12
MERGED from [com.android.support:recyclerview-v7:24.2.1] AndroidManifest.xml:17:1-22:12
MERGED from [com.android.support:cardview-v7:24.2.1] AndroidManifest.xml:17:1-24:12
MERGED from [pl.droidsonroids.gif:android-gif-drawable:1.2.15] AndroidManifest.xml:2:1-10:12
MERGED from [de.hdodenhof:circleimageview:2.2.0] AndroidManifest.xml:2:1-11:12
MERGED from [com.android.support:animated-vector-drawable:24.2.1] AndroidManifest.xml:17:1-24:12
MERGED from [com.android.support:support-vector-drawable:24.2.1] AndroidManifest.xml:17:1-25:12
MERGED from [com.android.support:support-fragment:24.2.1] AndroidManifest.xml:17:1-27:12
MERGED from [com.android.support:support-media-compat:24.2.1] AndroidManifest.xml:17:1-27:12
MERGED from [com.android.support:support-core-utils:24.2.1] AndroidManifest.xml:17:1-27:12
MERGED from [com.android.support:support-core-ui:24.2.1] AndroidManifest.xml:17:1-27:12
MERGED from [com.android.support:support-compat:24.2.1] AndroidManifest.xml:17:1-27:12
INJECTED from src/main/AndroidManifest.xml:2:1-185:12
INJECTED from src/main/AndroidManifest.xml:2:1-185:12
INJECTED from src/main/AndroidManifest.xml:2:1-185:12
	package
		ADDED from src/main/AndroidManifest.xml:3:5-40
		INJECTED from src/main/AndroidManifest.xml
		INJECTED from src/main/AndroidManifest.xml
	android:versionName
		INJECTED from src/main/AndroidManifest.xml
		ADDED from src/main/AndroidManifest.xml:2:1-185:12
		INJECTED from src/main/AndroidManifest.xml
	android:versionCode
		INJECTED from src/main/AndroidManifest.xml
		ADDED from src/main/AndroidManifest.xml:2:1-185:12
		INJECTED from src/main/AndroidManifest.xml
	xmlns:android
		ADDED from src/main/AndroidManifest.xml:2:11-69
uses-permission#android.permission.INTERNET
ADDED from src/main/AndroidManifest.xml:5:5-67
	android:name
		ADDED from src/main/AndroidManifest.xml:5:22-64
uses-permission#android.permission.ACCESS_NETWORK_STATE
ADDED from src/main/AndroidManifest.xml:6:5-79
	android:name
		ADDED from src/main/AndroidManifest.xml:6:22-76
uses-permission#android.permission.ACCESS_NOTIFICATION_POLICY
ADDED from src/main/AndroidManifest.xml:7:5-85
	android:name
		ADDED from src/main/AndroidManifest.xml:7:22-82
uses-permission#android.permission.RECEIVE_BOOT_COMPLETED
ADDED from src/main/AndroidManifest.xml:8:5-81
	android:name
		ADDED from src/main/AndroidManifest.xml:8:22-78
uses-permission#android.permission.CAMERA
ADDED from src/main/AndroidManifest.xml:9:5-64
	android:name
		ADDED from src/main/AndroidManifest.xml:9:22-62
uses-permission#android.permission.WRITE_EXTERNAL_STORAGE
ADDED from src/main/AndroidManifest.xml:10:5-80
	android:name
		ADDED from src/main/AndroidManifest.xml:10:22-78
application
ADDED from src/main/AndroidManifest.xml:12:5-183:19
MERGED from [com.android.support:design:24.2.1] AndroidManifest.xml:22:5-20
MERGED from [com.android.support:design:24.2.1] AndroidManifest.xml:22:5-20
MERGED from [com.android.support:appcompat-v7:24.2.1] AndroidManifest.xml:25:5-20
MERGED from [com.android.support:appcompat-v7:24.2.1] AndroidManifest.xml:25:5-20
MERGED from [com.android.support.constraint:constraint-layout:1.1.0] AndroidManifest.xml:9:5-20
MERGED from [com.android.support.constraint:constraint-layout:1.1.0] AndroidManifest.xml:9:5-20
MERGED from [com.android.support:support-v4:24.2.1] AndroidManifest.xml:25:5-20
MERGED from [com.android.support:support-v4:24.2.1] AndroidManifest.xml:25:5-20
MERGED from [com.android.support:cardview-v7:24.2.1] AndroidManifest.xml:22:5-20
MERGED from [com.android.support:cardview-v7:24.2.1] AndroidManifest.xml:22:5-20
MERGED from [de.hdodenhof:circleimageview:2.2.0] AndroidManifest.xml:9:5-20
MERGED from [de.hdodenhof:circleimageview:2.2.0] AndroidManifest.xml:9:5-20
MERGED from [com.android.support:animated-vector-drawable:24.2.1] AndroidManifest.xml:22:5-20
MERGED from [com.android.support:animated-vector-drawable:24.2.1] AndroidManifest.xml:22:5-20
MERGED from [com.android.support:support-vector-drawable:24.2.1] AndroidManifest.xml:23:5-20
MERGED from [com.android.support:support-vector-drawable:24.2.1] AndroidManifest.xml:23:5-20
MERGED from [com.android.support:support-fragment:24.2.1] AndroidManifest.xml:25:5-20
MERGED from [com.android.support:support-fragment:24.2.1] AndroidManifest.xml:25:5-20
MERGED from [com.android.support:support-media-compat:24.2.1] AndroidManifest.xml:25:5-20
MERGED from [com.android.support:support-media-compat:24.2.1] AndroidManifest.xml:25:5-20
MERGED from [com.android.support:support-core-utils:24.2.1] AndroidManifest.xml:25:5-20
MERGED from [com.android.support:support-core-utils:24.2.1] AndroidManifest.xml:25:5-20
MERGED from [com.android.support:support-core-ui:24.2.1] AndroidManifest.xml:25:5-20
MERGED from [com.android.support:support-core-ui:24.2.1] AndroidManifest.xml:25:5-20
MERGED from [com.android.support:support-compat:24.2.1] AndroidManifest.xml:25:5-20
MERGED from [com.android.support:support-compat:24.2.1] AndroidManifest.xml:25:5-20
	android:supportsRtl
		ADDED from src/main/AndroidManifest.xml:17:9-35
	android:label
		ADDED from src/main/AndroidManifest.xml:16:9-41
	android:icon
		ADDED from src/main/AndroidManifest.xml:15:9-42
	android:allowBackup
		ADDED from src/main/AndroidManifest.xml:14:9-35
	android:theme
		ADDED from src/main/AndroidManifest.xml:18:9-40
	android:name
		ADDED from src/main/AndroidManifest.xml:13:9-67
activity#br.com.agafarma.agamobile.Activity.SplashActivity
ADDED from src/main/AndroidManifest.xml:30:9-37:20
	android:theme
		ADDED from src/main/AndroidManifest.xml:32:13-55
	android:name
		ADDED from src/main/AndroidManifest.xml:31:13-52
intent-filter#action:name:android.intent.action.MAIN+category:name:android.intent.category.LAUNCHER
ADDED from src/main/AndroidManifest.xml:33:13-36:29
action#android.intent.action.MAIN
ADDED from src/main/AndroidManifest.xml:34:17-69
	android:name
		ADDED from src/main/AndroidManifest.xml:34:25-66
category#android.intent.category.LAUNCHER
ADDED from src/main/AndroidManifest.xml:35:17-77
	android:name
		ADDED from src/main/AndroidManifest.xml:35:27-74
activity#br.com.agafarma.agamobile.Activity.LoginActivity
ADDED from src/main/AndroidManifest.xml:39:9-41:60
	android:label
		ADDED from src/main/AndroidManifest.xml:41:13-57
	android:name
		ADDED from src/main/AndroidManifest.xml:40:13-51
activity#br.com.agafarma.agamobile.Activity.HomeActivity
ADDED from src/main/AndroidManifest.xml:42:9-45:59
	android:label
		ADDED from src/main/AndroidManifest.xml:44:13-45
	android:theme
		ADDED from src/main/AndroidManifest.xml:45:13-56
	android:name
		ADDED from src/main/AndroidManifest.xml:43:13-50
activity#br.com.agafarma.agamobile.Activity.PerguntaActivity
ADDED from src/main/AndroidManifest.xml:46:9-49:59
	android:label
		ADDED from src/main/AndroidManifest.xml:48:13-60
	android:theme
		ADDED from src/main/AndroidManifest.xml:49:13-56
	android:name
		ADDED from src/main/AndroidManifest.xml:47:13-54
activity#br.com.agafarma.agamobile.Activity.ListaAvisoActivity
ADDED from src/main/AndroidManifest.xml:51:9-54:59
	android:label
		ADDED from src/main/AndroidManifest.xml:53:13-57
	android:theme
		ADDED from src/main/AndroidManifest.xml:54:13-56
	android:name
		ADDED from src/main/AndroidManifest.xml:52:13-56
activity#br.com.agafarma.agamobile.Activity.AvisoActivity
ADDED from src/main/AndroidManifest.xml:56:9-59:59
	android:label
		ADDED from src/main/AndroidManifest.xml:58:13-57
	android:theme
		ADDED from src/main/AndroidManifest.xml:59:13-56
	android:name
		ADDED from src/main/AndroidManifest.xml:57:13-51
activity#br.com.agafarma.agamobile.Activity.ListaQuestionarioActivity
ADDED from src/main/AndroidManifest.xml:61:9-64:59
	android:label
		ADDED from src/main/AndroidManifest.xml:63:13-64
	android:theme
		ADDED from src/main/AndroidManifest.xml:64:13-56
	android:name
		ADDED from src/main/AndroidManifest.xml:62:13-63
activity#br.com.agafarma.agamobile.Activity.ListaCircularActivity
ADDED from src/main/AndroidManifest.xml:66:9-69:59
	android:label
		ADDED from src/main/AndroidManifest.xml:68:13-60
	android:theme
		ADDED from src/main/AndroidManifest.xml:69:13-56
	android:name
		ADDED from src/main/AndroidManifest.xml:67:13-59
activity#br.com.agafarma.agamobile.Activity.CircularActivity
ADDED from src/main/AndroidManifest.xml:71:9-74:59
	android:label
		ADDED from src/main/AndroidManifest.xml:73:13-60
	android:theme
		ADDED from src/main/AndroidManifest.xml:74:13-56
	android:name
		ADDED from src/main/AndroidManifest.xml:72:13-54
activity#br.com.agafarma.agamobile.Activity.ListaFotoActivity
ADDED from src/main/AndroidManifest.xml:76:9-79:59
	android:label
		ADDED from src/main/AndroidManifest.xml:78:13-56
	android:theme
		ADDED from src/main/AndroidManifest.xml:79:13-56
	android:name
		ADDED from src/main/AndroidManifest.xml:77:13-55
activity#br.com.agafarma.agamobile.Activity.PerfilActivity
ADDED from src/main/AndroidManifest.xml:81:9-84:59
	android:label
		ADDED from src/main/AndroidManifest.xml:83:13-58
	android:theme
		ADDED from src/main/AndroidManifest.xml:84:13-56
	android:name
		ADDED from src/main/AndroidManifest.xml:82:13-52
activity#br.com.agafarma.agamobile.Activity.PerfilGeralActivity
ADDED from src/main/AndroidManifest.xml:86:9-89:59
	android:label
		ADDED from src/main/AndroidManifest.xml:88:13-64
	android:theme
		ADDED from src/main/AndroidManifest.xml:89:13-56
	android:name
		ADDED from src/main/AndroidManifest.xml:87:13-57
activity#br.com.agafarma.agamobile.Activity.PerfilContatoActivity
ADDED from src/main/AndroidManifest.xml:91:9-94:59
	android:label
		ADDED from src/main/AndroidManifest.xml:93:13-66
	android:theme
		ADDED from src/main/AndroidManifest.xml:94:13-56
	android:name
		ADDED from src/main/AndroidManifest.xml:92:13-59
activity#br.com.agafarma.agamobile.Activity.PerfilEncarteActivity
ADDED from src/main/AndroidManifest.xml:96:9-99:59
	android:label
		ADDED from src/main/AndroidManifest.xml:98:13-66
	android:theme
		ADDED from src/main/AndroidManifest.xml:99:13-56
	android:name
		ADDED from src/main/AndroidManifest.xml:97:13-59
activity#br.com.agafarma.agamobile.Activity.PerfilFinanceiroActivity
ADDED from src/main/AndroidManifest.xml:101:9-104:59
	android:label
		ADDED from src/main/AndroidManifest.xml:103:13-69
	android:theme
		ADDED from src/main/AndroidManifest.xml:104:13-56
	android:name
		ADDED from src/main/AndroidManifest.xml:102:13-62
activity#br.com.agafarma.agamobile.Activity.PerfilLocalizacaoActivity
ADDED from src/main/AndroidManifest.xml:106:9-109:59
	android:label
		ADDED from src/main/AndroidManifest.xml:108:13-70
	android:theme
		ADDED from src/main/AndroidManifest.xml:109:13-56
	android:name
		ADDED from src/main/AndroidManifest.xml:107:13-63
activity#br.com.agafarma.agamobile.Activity.PerfilDiversoActivity
ADDED from src/main/AndroidManifest.xml:111:9-114:59
	android:label
		ADDED from src/main/AndroidManifest.xml:113:13-66
	android:theme
		ADDED from src/main/AndroidManifest.xml:114:13-56
	android:name
		ADDED from src/main/AndroidManifest.xml:112:13-59
activity#br.com.agafarma.agamobile.Activity.ListaMqttActivity
ADDED from src/main/AndroidManifest.xml:116:9-119:59
	android:label
		ADDED from src/main/AndroidManifest.xml:118:13-56
	android:theme
		ADDED from src/main/AndroidManifest.xml:119:13-56
	android:name
		ADDED from src/main/AndroidManifest.xml:117:13-55
activity#br.com.agafarma.agamobile.Activity.MqttMensageActivity
ADDED from src/main/AndroidManifest.xml:120:9-123:59
	android:label
		ADDED from src/main/AndroidManifest.xml:122:13-56
	android:theme
		ADDED from src/main/AndroidManifest.xml:123:13-56
	android:name
		ADDED from src/main/AndroidManifest.xml:121:13-57
activity#br.com.agafarma.agamobile.Activity.ListaContatoActivity
ADDED from src/main/AndroidManifest.xml:125:9-128:59
	android:label
		ADDED from src/main/AndroidManifest.xml:127:13-59
	android:theme
		ADDED from src/main/AndroidManifest.xml:128:13-56
	android:name
		ADDED from src/main/AndroidManifest.xml:126:13-58
activity#br.com.agafarma.agamobile.Activity.BoletoActivity
ADDED from src/main/AndroidManifest.xml:130:9-133:59
	android:label
		ADDED from src/main/AndroidManifest.xml:132:13-58
	android:theme
		ADDED from src/main/AndroidManifest.xml:133:13-56
	android:name
		ADDED from src/main/AndroidManifest.xml:131:13-52
activity#br.com.agafarma.agamobile.Activity.ListaBoletoActivity
ADDED from src/main/AndroidManifest.xml:135:9-138:59
	android:label
		ADDED from src/main/AndroidManifest.xml:137:13-58
	android:theme
		ADDED from src/main/AndroidManifest.xml:138:13-56
	android:name
		ADDED from src/main/AndroidManifest.xml:136:13-57
activity#br.com.agafarma.agamobile.Activity.TituloActivity
ADDED from src/main/AndroidManifest.xml:140:9-143:59
	android:label
		ADDED from src/main/AndroidManifest.xml:142:13-58
	android:theme
		ADDED from src/main/AndroidManifest.xml:143:13-56
	android:name
		ADDED from src/main/AndroidManifest.xml:141:13-52
activity#br.com.agafarma.agamobile.Activity.ErrorActivity
ADDED from src/main/AndroidManifest.xml:145:9-148:59
	android:label
		ADDED from src/main/AndroidManifest.xml:147:13-48
	android:theme
		ADDED from src/main/AndroidManifest.xml:148:13-56
	android:name
		ADDED from src/main/AndroidManifest.xml:146:13-51
activity#br.com.agafarma.agamobile.Activity.ListaCampanhaActivity
ADDED from src/main/AndroidManifest.xml:149:9-152:59
	android:label
		ADDED from src/main/AndroidManifest.xml:151:13-60
	android:theme
		ADDED from src/main/AndroidManifest.xml:152:13-56
	android:name
		ADDED from src/main/AndroidManifest.xml:150:13-59
service#br.com.agafarma.agamobile.Service.SincronizaService
ADDED from src/main/AndroidManifest.xml:154:9-157:39
	android:enabled
		ADDED from src/main/AndroidManifest.xml:156:13-35
	android:exported
		ADDED from src/main/AndroidManifest.xml:157:13-36
	android:name
		ADDED from src/main/AndroidManifest.xml:155:13-79
service#br.com.agafarma.agamobile.Service.NotificacaoService
ADDED from src/main/AndroidManifest.xml:159:9-162:39
	android:enabled
		ADDED from src/main/AndroidManifest.xml:161:13-35
	android:exported
		ADDED from src/main/AndroidManifest.xml:162:13-36
	android:name
		ADDED from src/main/AndroidManifest.xml:160:13-80
service#br.com.agafarma.agamobile.Service.MqttService
ADDED from src/main/AndroidManifest.xml:164:9-169:44
	android:enabled
		ADDED from src/main/AndroidManifest.xml:166:13-35
	android:exported
		ADDED from src/main/AndroidManifest.xml:167:13-37
	android:permission
		ADDED from src/main/AndroidManifest.xml:168:13-69
	android:stopWithTask
		ADDED from src/main/AndroidManifest.xml:169:13-41
	android:name
		ADDED from src/main/AndroidManifest.xml:165:13-73
receiver#br.com.agafarma.agamobile.Service.BootAndroidReceiver
ADDED from src/main/AndroidManifest.xml:172:9-182:20
	android:enabled
		ADDED from src/main/AndroidManifest.xml:174:13-35
	android:label
		ADDED from src/main/AndroidManifest.xml:176:13-41
	android:exported
		ADDED from src/main/AndroidManifest.xml:175:13-36
	android:permission
		ADDED from src/main/AndroidManifest.xml:177:13-75
	android:name
		ADDED from src/main/AndroidManifest.xml:173:13-81
intent-filter#action:name:android.intent.action.BOOT_COMPLETED+category:name:android.intent.category.DEFAULT
ADDED from src/main/AndroidManifest.xml:178:13-181:29
action#android.intent.action.BOOT_COMPLETED
ADDED from src/main/AndroidManifest.xml:179:17-79
	android:name
		ADDED from src/main/AndroidManifest.xml:179:25-76
category#android.intent.category.DEFAULT
ADDED from src/main/AndroidManifest.xml:180:17-76
	android:name
		ADDED from src/main/AndroidManifest.xml:180:27-73
uses-sdk
INJECTED from src/main/AndroidManifest.xml reason: use-sdk injection requested
INJECTED from src/main/AndroidManifest.xml
INJECTED from src/main/AndroidManifest.xml
MERGED from [com.android.support:design:24.2.1] AndroidManifest.xml:20:5-43
MERGED from [com.android.support:design:24.2.1] AndroidManifest.xml:20:5-43
MERGED from [com.android.support:appcompat-v7:24.2.1] AndroidManifest.xml:21:5-23:78
MERGED from [com.android.support:appcompat-v7:24.2.1] AndroidManifest.xml:21:5-23:78
MERGED from [com.android.support.constraint:constraint-layout:1.1.0] AndroidManifest.xml:5:5-7:41
MERGED from [com.android.support.constraint:constraint-layout:1.1.0] AndroidManifest.xml:5:5-7:41
MERGED from [com.android.support:support-v4:24.2.1] AndroidManifest.xml:21:5-23:54
MERGED from [com.android.support:support-v4:24.2.1] AndroidManifest.xml:21:5-23:54
MERGED from [com.android.support:recyclerview-v7:24.2.1] AndroidManifest.xml:20:5-43
MERGED from [com.android.support:recyclerview-v7:24.2.1] AndroidManifest.xml:20:5-43
MERGED from [com.android.support:cardview-v7:24.2.1] AndroidManifest.xml:20:5-43
MERGED from [com.android.support:cardview-v7:24.2.1] AndroidManifest.xml:20:5-43
MERGED from [pl.droidsonroids.gif:android-gif-drawable:1.2.15] AndroidManifest.xml:6:5-8:41
MERGED from [pl.droidsonroids.gif:android-gif-drawable:1.2.15] AndroidManifest.xml:6:5-8:41
MERGED from [de.hdodenhof:circleimageview:2.2.0] AndroidManifest.xml:5:5-7:41
MERGED from [de.hdodenhof:circleimageview:2.2.0] AndroidManifest.xml:5:5-7:41
MERGED from [com.android.support:animated-vector-drawable:24.2.1] AndroidManifest.xml:20:5-44
MERGED from [com.android.support:animated-vector-drawable:24.2.1] AndroidManifest.xml:20:5-44
MERGED from [com.android.support:support-vector-drawable:24.2.1] AndroidManifest.xml:21:5-43
MERGED from [com.android.support:support-vector-drawable:24.2.1] AndroidManifest.xml:21:5-43
MERGED from [com.android.support:support-fragment:24.2.1] AndroidManifest.xml:21:5-23:60
MERGED from [com.android.support:support-fragment:24.2.1] AndroidManifest.xml:21:5-23:60
MERGED from [com.android.support:support-media-compat:24.2.1] AndroidManifest.xml:21:5-23:63
MERGED from [com.android.support:support-media-compat:24.2.1] AndroidManifest.xml:21:5-23:63
MERGED from [com.android.support:support-core-utils:24.2.1] AndroidManifest.xml:21:5-23:61
MERGED from [com.android.support:support-core-utils:24.2.1] AndroidManifest.xml:21:5-23:61
MERGED from [com.android.support:support-core-ui:24.2.1] AndroidManifest.xml:21:5-23:58
MERGED from [com.android.support:support-core-ui:24.2.1] AndroidManifest.xml:21:5-23:58
MERGED from [com.android.support:support-compat:24.2.1] AndroidManifest.xml:21:5-23:58
MERGED from [com.android.support:support-compat:24.2.1] AndroidManifest.xml:21:5-23:58
INJECTED from src/main/AndroidManifest.xml
INJECTED from src/main/AndroidManifest.xml
	tools:overrideLibrary
		ADDED from [com.android.support:appcompat-v7:24.2.1] AndroidManifest.xml:23:9-75
	android:targetSdkVersion
		INJECTED from src/main/AndroidManifest.xml
		ADDED from src/main/AndroidManifest.xml
		INJECTED from src/main/AndroidManifest.xml
	android:minSdkVersion
		INJECTED from src/main/AndroidManifest.xml
		ADDED from src/main/AndroidManifest.xml
		INJECTED from src/main/AndroidManifest.xml
meta-data#android.support.FILE_PROVIDER_PATHS
ADDED from src/main/AndroidManifest.xml:25:13-27:58
	android:resource
		ADDED from src/main/AndroidManifest.xml:27:17-55
	android:name
		ADDED from src/main/AndroidManifest.xml:26:17-67